[debug] [2023-01-28T19:16:40.670Z] ----------------------------------------------------------------------
[debug] [2023-01-28T19:16:40.673Z] Command:       C:\Program Files\nodejs\node.exe C:\Users\Payal\AppData\Roaming\npm\node_modules\firebase-tools\lib\bin\firebase.js login
[debug] [2023-01-28T19:16:40.674Z] CLI Version:   11.21.0
[debug] [2023-01-28T19:16:40.674Z] Platform:      win32
[debug] [2023-01-28T19:16:40.674Z] Node Version:  v16.17.0
[debug] [2023-01-28T19:16:40.692Z] Time:          Sat Jan 28 2023 14:16:40 GMT-0500 (Eastern Standard Time)
[debug] [2023-01-28T19:16:40.692Z] ----------------------------------------------------------------------
[debug] 
[debug] [2023-01-28T19:16:40.701Z] >>> [apiv2][query] GET https://firebase-public.firebaseio.com/cli.json [none]
[info] i  Firebase optionally collects CLI and Emulator Suite usage and error reporting information to help improve our products. Data is collected in accordance with Google's privacy policy (https://policies.google.com/privacy) and is not used to identify you.
 
[debug] [2023-01-28T19:16:40.964Z] <<< [apiv2][status] GET https://firebase-public.firebaseio.com/cli.json 200
[debug] [2023-01-28T19:16:40.965Z] <<< [apiv2][body] GET https://firebase-public.firebaseio.com/cli.json {"cloudBuildErrorAfter":1594252800000,"cloudBuildWarnAfter":1590019200000,"defaultNode10After":1594252800000,"minVersion":"3.0.5","node8DeploysDisabledAfter":1613390400000,"node8RuntimeDisabledAfter":1615809600000,"node8WarnAfter":1600128000000}
[info] i  To change your data collection preference at any time, run `firebase logout` and log in again. 
[info] 
[info] Visit this URL on this device to log in:
[info] https://accounts.google.com/o/oauth2/auth?client_id=563584335869-fgrhgmd47bqnekij5i8b5pr03ho849e6.apps.googleusercontent.com&scope=email%20openid%20https%3A%2F%2Fwww.googleapis.com%2Fauth%2Fcloudplatformprojects.readonly%20https%3A%2F%2Fwww.googleapis.com%2Fauth%2Ffirebase%20https%3A%2F%2Fwww.googleapis.com%2Fauth%2Fcloud-platform&response_type=code&state=205022638&redirect_uri=http%3A%2F%2Flocalhost%3A9005
[info] 
[info] Waiting for authentication...
[debug] [2023-01-28T19:17:17.192Z] >>> [apiv2][query] POST https://auth.firebase.tools/attest [none]
[debug] [2023-01-28T19:17:17.193Z] >>> [apiv2][body] POST https://auth.firebase.tools/attest {"session_id":"9cb0575c-0942-4ed2-b8df-9b0c47f00ccb"}
[debug] [2023-01-28T19:17:18.489Z] <<< [apiv2][status] POST https://auth.firebase.tools/attest 200
[debug] [2023-01-28T19:17:18.489Z] <<< [apiv2][body] POST https://auth.firebase.tools/attest {"token":"Z71MMC02YpaAuX315R5hljackUrk_cih5GS9mfy-fHA"}
[info] 
[info] To sign in to the Firebase CLI:
[info] 
[info] 1. Take note of your session ID:
[info] 
[info]    9CB05
[info] 
[info] 2. Visit the URL below on any device and follow the instructions to get your code:
[info] 
[info]    https://auth.firebase.tools/login?code_challenge=1DepAGlSFqGtAwyahKzJhvq1cTRqf1D2f0A91YQbeKQ&session=9cb0575c-0942-4ed2-b8df-9b0c47f00ccb&attest=Z71MMC02YpaAuX315R5hljackUrk_cih5GS9mfy-fHA
[info] 
[info] 3. Paste or enter the authorization code below once you have it:
[info] 
